<?xml version="1.0" encoding="UTF-8"?>
<testsuite name="com.jh.book.springboot.web.PostsApiControllerTest" tests="2" skipped="0" failures="0" errors="0" timestamp="2020-10-01T15:31:23" hostname="MSDN-SPECIAL" time="0.09">
  <properties/>
  <testcase name="Posts_등록된다" classname="com.jh.book.springboot.web.PostsApiControllerTest" time="0.064"/>
  <testcase name="Posts_수정된다" classname="com.jh.book.springboot.web.PostsApiControllerTest" time="0.025"/>
  <system-out><![CDATA[2020-10-02 00:31:23.923  INFO 7616 --- [    Test worker] .b.t.c.SpringBootTestContextBootstrapper : Neither @ContextConfiguration nor @ContextHierarchy found for test class [com.jh.book.springboot.web.PostsApiControllerTest], using SpringBootContextLoader
2020-10-02 00:31:23.924  INFO 7616 --- [    Test worker] o.s.t.c.support.AbstractContextLoader    : Could not detect default resource locations for test class [com.jh.book.springboot.web.PostsApiControllerTest]: no resource found for suffixes {-context.xml, Context.groovy}.
2020-10-02 00:31:23.925  INFO 7616 --- [    Test worker] t.c.s.AnnotationConfigContextLoaderUtils : Could not detect default configuration classes for test class [com.jh.book.springboot.web.PostsApiControllerTest]: PostsApiControllerTest does not declare any static, non-private, non-final, nested classes annotated with @Configuration.
2020-10-02 00:31:23.927  INFO 7616 --- [    Test worker] .b.t.c.SpringBootTestContextBootstrapper : Found @SpringBootConfiguration com.jh.book.springboot.Application for test class com.jh.book.springboot.web.PostsApiControllerTest
2020-10-02 00:31:23.929  INFO 7616 --- [    Test worker] .b.t.c.SpringBootTestContextBootstrapper : Loaded default TestExecutionListener class names from location [META-INF/spring.factories]: [org.springframework.security.test.context.support.WithSecurityContextTestExecutionListener, org.springframework.security.test.context.support.ReactorContextTestExecutionListener, org.springframework.boot.test.autoconfigure.restdocs.RestDocsTestExecutionListener, org.springframework.boot.test.autoconfigure.web.client.MockRestServiceServerResetTestExecutionListener, org.springframework.boot.test.autoconfigure.web.servlet.MockMvcPrintOnlyOnFailureTestExecutionListener, org.springframework.boot.test.autoconfigure.web.servlet.WebDriverTestExecutionListener, org.springframework.boot.test.mock.mockito.MockitoTestExecutionListener, org.springframework.boot.test.mock.mockito.ResetMocksTestExecutionListener, org.springframework.test.context.web.ServletTestExecutionListener, org.springframework.test.context.support.DirtiesContextBeforeModesTestExecutionListener, org.springframework.test.context.support.DependencyInjectionTestExecutionListener, org.springframework.test.context.support.DirtiesContextTestExecutionListener, org.springframework.test.context.transaction.TransactionalTestExecutionListener, org.springframework.test.context.jdbc.SqlScriptsTestExecutionListener]
2020-10-02 00:31:23.930  INFO 7616 --- [    Test worker] .b.t.c.SpringBootTestContextBootstrapper : Using TestExecutionListeners: [org.springframework.test.context.web.ServletTestExecutionListener@7bed724e, org.springframework.test.context.support.DirtiesContextBeforeModesTestExecutionListener@2ca4da0d, org.springframework.boot.test.mock.mockito.MockitoTestExecutionListener@7edb3949, org.springframework.boot.test.autoconfigure.SpringBootDependencyInjectionTestExecutionListener@122e1350, org.springframework.test.context.support.DirtiesContextTestExecutionListener@2c17c59, org.springframework.test.context.transaction.TransactionalTestExecutionListener@8bfbabe, org.springframework.test.context.jdbc.SqlScriptsTestExecutionListener@2f09db91, org.springframework.security.test.context.support.WithSecurityContextTestExecutionListener@4d5fe9b3, org.springframework.security.test.context.support.ReactorContextTestExecutionListener@447577f5, org.springframework.boot.test.autoconfigure.restdocs.RestDocsTestExecutionListener@31ea5f8f, org.springframework.boot.test.autoconfigure.web.client.MockRestServiceServerResetTestExecutionListener@50decf70, org.springframework.boot.test.autoconfigure.web.servlet.MockMvcPrintOnlyOnFailureTestExecutionListener@627ea6a9, org.springframework.boot.test.autoconfigure.web.servlet.WebDriverTestExecutionListener@d5bafcc, org.springframework.boot.test.mock.mockito.ResetMocksTestExecutionListener@6eae9fcf]
2020-10-02 00:31:23.937  INFO 7616 --- [    Test worker] o.a.c.c.C.[Tomcat].[localhost].[/]       : Initializing Spring TestDispatcherServlet ''
2020-10-02 00:31:23.937  INFO 7616 --- [    Test worker] o.s.t.web.servlet.TestDispatcherServlet  : Initializing Servlet ''
2020-10-02 00:31:23.940  INFO 7616 --- [    Test worker] o.s.t.web.servlet.TestDispatcherServlet  : Completed initialization in 2 ms
Hibernate: insert into posts (created_date, modified_date, author, content, title) values (?, ?, ?, ?, ?)
Hibernate: select posts0_.id as id1_0_, posts0_.created_date as created_2_0_, posts0_.modified_date as modified3_0_, posts0_.author as author4_0_, posts0_.content as content5_0_, posts0_.title as title6_0_ from posts posts0_
Hibernate: select posts0_.id as id1_0_, posts0_.created_date as created_2_0_, posts0_.modified_date as modified3_0_, posts0_.author as author4_0_, posts0_.content as content5_0_, posts0_.title as title6_0_ from posts posts0_
Hibernate: delete from posts where id=?
2020-10-02 00:31:24.001  INFO 7616 --- [    Test worker] o.a.c.c.C.[Tomcat].[localhost].[/]       : Initializing Spring TestDispatcherServlet ''
2020-10-02 00:31:24.001  INFO 7616 --- [    Test worker] o.s.t.web.servlet.TestDispatcherServlet  : Initializing Servlet ''
2020-10-02 00:31:24.003  INFO 7616 --- [    Test worker] o.s.t.web.servlet.TestDispatcherServlet  : Completed initialization in 2 ms
Hibernate: insert into posts (created_date, modified_date, author, content, title) values (?, ?, ?, ?, ?)
Hibernate: select posts0_.id as id1_0_0_, posts0_.created_date as created_2_0_0_, posts0_.modified_date as modified3_0_0_, posts0_.author as author4_0_0_, posts0_.content as content5_0_0_, posts0_.title as title6_0_0_ from posts posts0_ where posts0_.id=?
Hibernate: update posts set created_date=?, modified_date=?, author=?, content=?, title=? where id=?
Hibernate: select posts0_.id as id1_0_, posts0_.created_date as created_2_0_, posts0_.modified_date as modified3_0_, posts0_.author as author4_0_, posts0_.content as content5_0_, posts0_.title as title6_0_ from posts posts0_
Hibernate: select posts0_.id as id1_0_, posts0_.created_date as created_2_0_, posts0_.modified_date as modified3_0_, posts0_.author as author4_0_, posts0_.content as content5_0_, posts0_.title as title6_0_ from posts posts0_
Hibernate: delete from posts where id=?
]]></system-out>
  <system-err><![CDATA[]]></system-err>
</testsuite>
