<?xml version="1.0" encoding="UTF-8"?>
<testsuite name="com.jh.book.springboot.web.dto.HelloResponseDtoTest" tests="1" skipped="0" failures="0" errors="0" timestamp="2020-10-01T15:31:22" hostname="MSDN-SPECIAL" time="0.002">
  <properties/>
  <testcase name="롬복_기능_테스트" classname="com.jh.book.springboot.web.dto.HelloResponseDtoTest" time="0.002"/>
  <system-out><![CDATA[]]></system-out>
  <system-err><![CDATA[]]></system-err>
</testsuite>
