<?xml version="1.0" encoding="UTF-8"?>
<testsuite name="com.jh.book.springboot.web.HelloControllerTest" tests="2" skipped="0" failures="0" errors="0" timestamp="2020-10-01T15:31:23" hostname="MSDN-SPECIAL" time="0.117">
  <properties/>
  <testcase name="hello가_리턴된다" classname="com.jh.book.springboot.web.HelloControllerTest" time="0.043"/>
  <testcase name="helloDto가_리턴된다" classname="com.jh.book.springboot.web.HelloControllerTest" time="0.073"/>
  <system-out><![CDATA[2020-10-02 00:31:22.962  INFO 7616 --- [    Test worker] .b.t.a.w.s.WebMvcTestContextBootstrapper : Neither @ContextConfiguration nor @ContextHierarchy found for test class [com.jh.book.springboot.web.HelloControllerTest], using SpringBootContextLoader
2020-10-02 00:31:22.963  INFO 7616 --- [    Test worker] o.s.t.c.support.AbstractContextLoader    : Could not detect default resource locations for test class [com.jh.book.springboot.web.HelloControllerTest]: no resource found for suffixes {-context.xml, Context.groovy}.
2020-10-02 00:31:22.963  INFO 7616 --- [    Test worker] t.c.s.AnnotationConfigContextLoaderUtils : Could not detect default configuration classes for test class [com.jh.book.springboot.web.HelloControllerTest]: HelloControllerTest does not declare any static, non-private, non-final, nested classes annotated with @Configuration.
2020-10-02 00:31:22.976  INFO 7616 --- [    Test worker] .b.t.c.SpringBootTestContextBootstrapper : Found @SpringBootConfiguration com.jh.book.springboot.Application for test class com.jh.book.springboot.web.HelloControllerTest
2020-10-02 00:31:22.977  INFO 7616 --- [    Test worker] .b.t.a.w.s.WebMvcTestContextBootstrapper : Loaded default TestExecutionListener class names from location [META-INF/spring.factories]: [org.springframework.security.test.context.support.WithSecurityContextTestExecutionListener, org.springframework.security.test.context.support.ReactorContextTestExecutionListener, org.springframework.boot.test.autoconfigure.restdocs.RestDocsTestExecutionListener, org.springframework.boot.test.autoconfigure.web.client.MockRestServiceServerResetTestExecutionListener, org.springframework.boot.test.autoconfigure.web.servlet.MockMvcPrintOnlyOnFailureTestExecutionListener, org.springframework.boot.test.autoconfigure.web.servlet.WebDriverTestExecutionListener, org.springframework.boot.test.mock.mockito.MockitoTestExecutionListener, org.springframework.boot.test.mock.mockito.ResetMocksTestExecutionListener, org.springframework.test.context.web.ServletTestExecutionListener, org.springframework.test.context.support.DirtiesContextBeforeModesTestExecutionListener, org.springframework.test.context.support.DependencyInjectionTestExecutionListener, org.springframework.test.context.support.DirtiesContextTestExecutionListener, org.springframework.test.context.transaction.TransactionalTestExecutionListener, org.springframework.test.context.jdbc.SqlScriptsTestExecutionListener]
2020-10-02 00:31:22.978  INFO 7616 --- [    Test worker] .b.t.a.w.s.WebMvcTestContextBootstrapper : Using TestExecutionListeners: [org.springframework.test.context.web.ServletTestExecutionListener@2fc9ed79, org.springframework.test.context.support.DirtiesContextBeforeModesTestExecutionListener@88e72b7, org.springframework.boot.test.mock.mockito.MockitoTestExecutionListener@6831e94, org.springframework.boot.test.autoconfigure.SpringBootDependencyInjectionTestExecutionListener@21f99c03, org.springframework.test.context.support.DirtiesContextTestExecutionListener@413b0f60, org.springframework.test.context.transaction.TransactionalTestExecutionListener@3a5bc63a, org.springframework.test.context.jdbc.SqlScriptsTestExecutionListener@2432185b, org.springframework.security.test.context.support.WithSecurityContextTestExecutionListener@4946915a, org.springframework.security.test.context.support.ReactorContextTestExecutionListener@501fc71d, org.springframework.boot.test.autoconfigure.restdocs.RestDocsTestExecutionListener@3411a132, org.springframework.boot.test.autoconfigure.web.client.MockRestServiceServerResetTestExecutionListener@d5872b, org.springframework.boot.test.autoconfigure.web.servlet.MockMvcPrintOnlyOnFailureTestExecutionListener@7de41a2a, org.springframework.boot.test.autoconfigure.web.servlet.WebDriverTestExecutionListener@53ed1da4, org.springframework.boot.test.mock.mockito.ResetMocksTestExecutionListener@6acc3eda]

  .   ____          _            __ _ _
 /\\ / ___'_ __ _ _(_)_ __  __ _ \ \ \ \
( ( )\___ | '_ | '_| | '_ \/ _` | \ \ \ \
 \\/  ___)| |_)| | | | | || (_| |  ) ) ) )
  '  |____| .__|_| |_|_| |_\__, | / / / /
 =========|_|==============|___/=/_/_/_/
 :: Spring Boot ::        (v2.1.7.RELEASE)

2020-10-02 00:31:22.999  INFO 7616 --- [    Test worker] c.j.b.s.web.HelloControllerTest          : Starting HelloControllerTest on MSDN-SPECIAL with PID 7616 (started by Administrator in C:\Users\Administrator\IdeaProjects\springbot-beginnig)
2020-10-02 00:31:23.000  INFO 7616 --- [    Test worker] c.j.b.s.web.HelloControllerTest          : No active profile set, falling back to default profiles: default
2020-10-02 00:31:23.434  INFO 7616 --- [    Test worker] o.s.s.concurrent.ThreadPoolTaskExecutor  : Initializing ExecutorService 'applicationTaskExecutor'
2020-10-02 00:31:23.463  INFO 7616 --- [    Test worker] o.s.b.a.w.s.WelcomePageHandlerMapping    : Adding welcome page template: index
2020-10-02 00:31:23.639  INFO 7616 --- [    Test worker] .s.s.UserDetailsServiceAutoConfiguration : 

Using generated security password: 9600e1b7-7045-4ef7-9d19-da231abda3ac

2020-10-02 00:31:23.750  INFO 7616 --- [    Test worker] o.s.s.web.DefaultSecurityFilterChain     : Creating filter chain: any request, [org.springframework.security.web.context.request.async.WebAsyncManagerIntegrationFilter@1bab5fb5, org.springframework.security.web.context.SecurityContextPersistenceFilter@1dc9f04c, org.springframework.security.web.header.HeaderWriterFilter@2eecacf1, org.springframework.security.web.csrf.CsrfFilter@1d60cfd2, org.springframework.security.web.authentication.logout.LogoutFilter@7762fe1d, org.springframework.security.web.authentication.UsernamePasswordAuthenticationFilter@2858906e, org.springframework.security.web.authentication.ui.DefaultLoginPageGeneratingFilter@6bd19cd8, org.springframework.security.web.authentication.ui.DefaultLogoutPageGeneratingFilter@61b62c47, org.springframework.security.web.authentication.www.BasicAuthenticationFilter@4eec2845, org.springframework.security.web.savedrequest.RequestCacheAwareFilter@5ac77634, org.springframework.security.web.servletapi.SecurityContextHolderAwareRequestFilter@1107c2b9, org.springframework.security.web.authentication.AnonymousAuthenticationFilter@4eb79e34, org.springframework.security.web.session.SessionManagementFilter@35e9e8a1, org.springframework.security.web.access.ExceptionTranslationFilter@ee9341d, org.springframework.security.web.access.intercept.FilterSecurityInterceptor@2c354fae]
2020-10-02 00:31:23.767  INFO 7616 --- [    Test worker] o.s.b.t.m.w.SpringBootMockServletContext : Initializing Spring TestDispatcherServlet ''
2020-10-02 00:31:23.767  INFO 7616 --- [    Test worker] o.s.t.web.servlet.TestDispatcherServlet  : Initializing Servlet ''
2020-10-02 00:31:23.778  INFO 7616 --- [    Test worker] o.s.t.web.servlet.TestDispatcherServlet  : Completed initialization in 11 ms
2020-10-02 00:31:23.801  INFO 7616 --- [    Test worker] c.j.b.s.web.HelloControllerTest          : Started HelloControllerTest in 0.822 seconds (JVM running for 9.172)
]]></system-out>
  <system-err><![CDATA[]]></system-err>
</testsuite>
